#
# There is insufficient memory for the Java Runtime Environment to continue.
# Native memory allocation (malloc) failed to allocate 10944512 bytes for committing reserved memory.
# Possible reasons:
#   The system is out of physical RAM or swap space
#   In 32 bit mode, the process size limit was hit
# Possible solutions:
#   Reduce memory load on the system
#   Increase physical memory or swap space
#   Check if swap backing store is full
#   Use 64 bit Java on a 64 bit OS
#   Decrease Java heap size (-Xmx/-Xms)
#   Decrease number of Java threads
#   Decrease Java thread stack sizes (-Xss)
#   Set larger code cache with -XX:ReservedCodeCacheSize=
# This output file may be truncated or incomplete.
#
#  Out of Memory Error (os_linux.cpp:2798), pid=4384, tid=140069435365120
#
# JRE version:  (7.0_75-b13) (build )
# Java VM: OpenJDK 64-Bit Server VM (24.75-b04 mixed mode linux-amd64 compressed oops)
# Derivative: IcedTea 2.5.4
# Distribution: Ubuntu 14.04 LTS, package 7u75-2.5.4-1~trusty1
# Failed to write core dump. Core dumps have been disabled. To enable core dumping, try "ulimit -c unlimited" before starting Java again
#

---------------  T H R E A D  ---------------

Current thread (0x00007f646c00b800):  JavaThread "Unknown thread" [_thread_in_vm, id=4407, stack(0x00007f6474e05000,0x00007f6474f06000)]

Stack: [0x00007f6474e05000,0x00007f6474f06000],  sp=0x00007f6474f04450,  free space=1021k
Native frames: (J=compiled Java code, j=interpreted, Vv=VM code, C=native code)
V  [libjvm.so+0x94a9d5]  VMError::report_and_die()+0x175
V  [libjvm.so+0x48b954]  report_vm_out_of_memory(char const*, int, unsigned long, char const*)+0x74
V  [libjvm.so+0x7c7b7b]  os::pd_commit_memory(char*, unsigned long, unsigned long, bool)+0xeb
V  [libjvm.so+0x7c263f]  os::commit_memory(char*, unsigned long, unsigned long, bool)+0x1f
V  [libjvm.so+0x9478c4]  VirtualSpace::expand_by(unsigned long, bool)+0x1c4
V  [libjvm.so+0x561fd5]  Generation::Generation(ReservedSpace, unsigned long, int)+0xc5
V  [libjvm.so+0x490338]  DefNewGeneration::DefNewGeneration(ReservedSpace, unsigned long, int, char const*)+0x58
V  [libjvm.so+0x563313]  GenerationSpec::init(ReservedSpace, int, GenRemSet*)+0x533
V  [libjvm.so+0x555122]  GenCollectedHeap::initialize()+0x312
V  [libjvm.so+0x91b447]  Universe::initialize_heap()+0xc7
V  [libjvm.so+0x91b777]  universe_init()+0x67
V  [libjvm.so+0x59d1d5]  init_globals()+0x55
V  [libjvm.so+0x8fe15f]  Threads::create_vm(JavaVMInitArgs*, bool*)+0x35f
V  [libjvm.so+0x608554]  JNI_CreateJavaVM+0x54
C  [libjli.so+0x2b48]


---------------  P R O C E S S  ---------------

Java Threads: ( => current thread )

Other Threads:

=>0x00007f646c00b800 (exited) JavaThread "Unknown thread" [_thread_in_vm, id=4407, stack(0x00007f6474e05000,0x00007f6474f06000)]

VM state:not at safepoint (not fully initialized)

VM Mutex/Monitor currently owned by a thread: None

GC Heap History (0 events):
No events

Deoptimization events (0 events):
No events

Internal exceptions (0 events):
No events

Events (0 events):
No events


Dynamic libraries:
00400000-00401000 r-xp 00000000 ca:01 966001                             /usr/lib/jvm/java-7-openjdk-amd64/jre/bin/java
00600000-00601000 r--p 00000000 ca:01 966001                             /usr/lib/jvm/java-7-openjdk-amd64/jre/bin/java
00601000-00602000 rw-p 00001000 ca:01 966001                             /usr/lib/jvm/java-7-openjdk-amd64/jre/bin/java
01ac3000-01ae4000 rw-p 00000000 00:00 0                                  [heap]
cca70000-100000000 rw-p 00000000 00:00 0 
7f6469000000-7f6469270000 rwxp 00000000 00:00 0 
7f6469270000-7f646c024000 rw-p 00000000 00:00 0 
7f646c024000-7f6470000000 ---p 00000000 00:00 0 
7f647166a000-7f64718a4000 rw-p 00000000 00:00 0 
7f64718a4000-7f6471a44000 rw-p 00000000 00:00 0 
7f6471a44000-7f6471a45000 rw-p 00000000 00:00 0 
7f6471a45000-7f6471a4d000 r-xp 00000000 ca:01 965999                     /usr/lib/jvm/java-7-openjdk-amd64/jre/lib/amd64/libzip.so
7f6471a4d000-7f6471c4c000 ---p 00008000 ca:01 965999                     /usr/lib/jvm/java-7-openjdk-amd64/jre/lib/amd64/libzip.so
7f6471c4c000-7f6471c4d000 r--p 00007000 ca:01 965999                     /usr/lib/jvm/java-7-openjdk-amd64/jre/lib/amd64/libzip.so
7f6471c4d000-7f6471c4e000 rw-p 00008000 ca:01 965999                     /usr/lib/jvm/java-7-openjdk-amd64/jre/lib/amd64/libzip.so
7f6471c4e000-7f6471c59000 r-xp 00000000 ca:01 398546                     /lib/x86_64-linux-gnu/libnss_files-2.19.so
7f6471c59000-7f6471e58000 ---p 0000b000 ca:01 398546                     /lib/x86_64-linux-gnu/libnss_files-2.19.so
7f6471e58000-7f6471e59000 r--p 0000a000 ca:01 398546                     /lib/x86_64-linux-gnu/libnss_files-2.19.so
7f6471e59000-7f6471e5a000 rw-p 0000b000 ca:01 398546                     /lib/x86_64-linux-gnu/libnss_files-2.19.so
7f6471e5a000-7f6471e65000 r-xp 00000000 ca:01 398567                     /lib/x86_64-linux-gnu/libnss_nis-2.19.so
7f6471e65000-7f6472064000 ---p 0000b000 ca:01 398567                     /lib/x86_64-linux-gnu/libnss_nis-2.19.so
7f6472064000-7f6472065000 r--p 0000a000 ca:01 398567                     /lib/x86_64-linux-gnu/libnss_nis-2.19.so
7f6472065000-7f6472066000 rw-p 0000b000 ca:01 398567                     /lib/x86_64-linux-gnu/libnss_nis-2.19.so
7f6472066000-7f647207d000 r-xp 00000000 ca:01 398556                     /lib/x86_64-linux-gnu/libnsl-2.19.so
7f647207d000-7f647227c000 ---p 00017000 ca:01 398556                     /lib/x86_64-linux-gnu/libnsl-2.19.so
7f647227c000-7f647227d000 r--p 00016000 ca:01 398556                     /lib/x86_64-linux-gnu/libnsl-2.19.so
7f647227d000-7f647227e000 rw-p 00017000 ca:01 398556                     /lib/x86_64-linux-gnu/libnsl-2.19.so
7f647227e000-7f6472280000 rw-p 00000000 00:00 0 
7f6472280000-7f6472289000 r-xp 00000000 ca:01 398554                     /lib/x86_64-linux-gnu/libnss_compat-2.19.so
7f6472289000-7f6472488000 ---p 00009000 ca:01 398554                     /lib/x86_64-linux-gnu/libnss_compat-2.19.so
7f6472488000-7f6472489000 r--p 00008000 ca:01 398554                     /lib/x86_64-linux-gnu/libnss_compat-2.19.so
7f6472489000-7f647248a000 rw-p 00009000 ca:01 398554                     /lib/x86_64-linux-gnu/libnss_compat-2.19.so
7f647248a000-7f64724b5000 r-xp 00000000 ca:01 965983                     /usr/lib/jvm/java-7-openjdk-amd64/jre/lib/amd64/libjava.so
7f64724b5000-7f64726b5000 ---p 0002b000 ca:01 965983                     /usr/lib/jvm/java-7-openjdk-amd64/jre/lib/amd64/libjava.so
7f64726b5000-7f64726b6000 r--p 0002b000 ca:01 965983                     /usr/lib/jvm/java-7-openjdk-amd64/jre/lib/amd64/libjava.so
7f64726b6000-7f64726b8000 rw-p 0002c000 ca:01 965983                     /usr/lib/jvm/java-7-openjdk-amd64/jre/lib/amd64/libjava.so
7f64726b8000-7f64726c8000 r-xp 00000000 ca:01 965982                     /usr/lib/jvm/java-7-openjdk-amd64/jre/lib/amd64/libverify.so
7f64726c8000-7f64728c7000 ---p 00010000 ca:01 965982                     /usr/lib/jvm/java-7-openjdk-amd64/jre/lib/amd64/libverify.so
7f64728c7000-7f64728c9000 r--p 0000f000 ca:01 965982                     /usr/lib/jvm/java-7-openjdk-amd64/jre/lib/amd64/libverify.so
7f64728c9000-7f64728ca000 rw-p 00011000 ca:01 965982                     /usr/lib/jvm/java-7-openjdk-amd64/jre/lib/amd64/libverify.so
7f64728ca000-7f64728d1000 r-xp 00000000 ca:01 398564                     /lib/x86_64-linux-gnu/librt-2.19.so
7f64728d1000-7f6472ad0000 ---p 00007000 ca:01 398564                     /lib/x86_64-linux-gnu/librt-2.19.so
7f6472ad0000-7f6472ad1000 r--p 00006000 ca:01 398564                     /lib/x86_64-linux-gnu/librt-2.19.so
7f6472ad1000-7f6472ad2000 rw-p 00007000 ca:01 398564                     /lib/x86_64-linux-gnu/librt-2.19.so
7f6472ad2000-7f6472ae8000 r-xp 00000000 ca:01 396027                     /lib/x86_64-linux-gnu/libgcc_s.so.1
7f6472ae8000-7f6472ce7000 ---p 00016000 ca:01 396027                     /lib/x86_64-linux-gnu/libgcc_s.so.1
7f6472ce7000-7f6472ce8000 rw-p 00015000 ca:01 396027                     /lib/x86_64-linux-gnu/libgcc_s.so.1
7f6472ce8000-7f6472ded000 r-xp 00000000 ca:01 398545                     /lib/x86_64-linux-gnu/libm-2.19.so
7f6472ded000-7f6472fec000 ---p 00105000 ca:01 398545                     /lib/x86_64-linux-gnu/libm-2.19.so
7f6472fec000-7f6472fed000 r--p 00104000 ca:01 398545                     /lib/x86_64-linux-gnu/libm-2.19.so
7f6472fed000-7f6472fee000 rw-p 00105000 ca:01 398545                     /lib/x86_64-linux-gnu/libm-2.19.so
7f6472fee000-7f64730d4000 r-xp 00000000 ca:01 8131                       /usr/lib/x86_64-linux-gnu/libstdc++.so.6.0.19
7f64730d4000-7f64732d3000 ---p 000e6000 ca:01 8131                       /usr/lib/x86_64-linux-gnu/libstdc++.so.6.0.19
7f64732d3000-7f64732db000 r--p 000e5000 ca:01 8131                       /usr/lib/x86_64-linux-gnu/libstdc++.so.6.0.19
7f64732db000-7f64732dd000 rw-p 000ed000 ca:01 8131                       /usr/lib/x86_64-linux-gnu/libstdc++.so.6.0.19
7f64732dd000-7f64732f2000 rw-p 00000000 00:00 0 
7f64732f2000-7f6473e0a000 r-xp 00000000 ca:01 965988                     /usr/lib/jvm/java-7-openjdk-amd64/jre/lib/amd64/server/libjvm.so
7f6473e0a000-7f647400a000 ---p 00b18000 ca:01 965988                     /usr/lib/jvm/java-7-openjdk-amd64/jre/lib/amd64/server/libjvm.so
7f647400a000-7f64740a4000 r--p 00b18000 ca:01 965988                     /usr/lib/jvm/java-7-openjdk-amd64/jre/lib/amd64/server/libjvm.so
7f64740a4000-7f64740c7000 rw-p 00bb2000 ca:01 965988                     /usr/lib/jvm/java-7-openjdk-amd64/jre/lib/amd64/server/libjvm.so
7f64740c7000-7f64740f5000 rw-p 00000000 00:00 0 
7f64740f5000-7f647410d000 r-xp 00000000 ca:01 396086                     /lib/x86_64-linux-gnu/libz.so.1.2.8
7f647410d000-7f647430c000 ---p 00018000 ca:01 396086                     /lib/x86_64-linux-gnu/libz.so.1.2.8
7f647430c000-7f647430d000 r--p 00017000 ca:01 396086                     /lib/x86_64-linux-gnu/libz.so.1.2.8
7f647430d000-7f647430e000 rw-p 00018000 ca:01 396086                     /lib/x86_64-linux-gnu/libz.so.1.2.8
7f647430e000-7f6474327000 r-xp 00000000 ca:01 398562                     /lib/x86_64-linux-gnu/libpthread-2.19.so
7f6474327000-7f6474526000 ---p 00019000 ca:01 398562                     /lib/x86_64-linux-gnu/libpthread-2.19.so
7f6474526000-7f6474527000 r--p 00018000 ca:01 398562                     /lib/x86_64-linux-gnu/libpthread-2.19.so
7f6474527000-7f6474528000 rw-p 00019000 ca:01 398562                     /lib/x86_64-linux-gnu/libpthread-2.19.so
7f6474528000-7f647452c000 rw-p 00000000 00:00 0 
7f647452c000-7f647452f000 r-xp 00000000 ca:01 398549                     /lib/x86_64-linux-gnu/libdl-2.19.so
7f647452f000-7f647472e000 ---p 00003000 ca:01 398549                     /lib/x86_64-linux-gnu/libdl-2.19.so
7f647472e000-7f647472f000 r--p 00002000 ca:01 398549                     /lib/x86_64-linux-gnu/libdl-2.19.so
7f647472f000-7f6474730000 rw-p 00003000 ca:01 398549                     /lib/x86_64-linux-gnu/libdl-2.19.so
7f6474730000-7f64748eb000 r-xp 00000000 ca:01 398561                     /lib/x86_64-linux-gnu/libc-2.19.so
7f64748eb000-7f6474aea000 ---p 001bb000 ca:01 398561                     /lib/x86_64-linux-gnu/libc-2.19.so
7f6474aea000-7f6474aee000 r--p 001ba000 ca:01 398561                     /lib/x86_64-linux-gnu/libc-2.19.so
7f6474aee000-7f6474af0000 rw-p 001be000 ca:01 398561                     /lib/x86_64-linux-gnu/libc-2.19.so
7f6474af0000-7f6474af5000 rw-p 00000000 00:00 0 
7f6474af5000-7f6474b02000 r-xp 00000000 ca:01 965965                     /usr/lib/jvm/java-7-openjdk-amd64/jre/lib/amd64/jli/libjli.so
7f6474b02000-7f6474d01000 ---p 0000d000 ca:01 965965                     /usr/lib/jvm/java-7-openjdk-amd64/jre/lib/amd64/jli/libjli.so
7f6474d01000-7f6474d02000 r--p 0000c000 ca:01 965965                     /usr/lib/jvm/java-7-openjdk-amd64/jre/lib/amd64/jli/libjli.so
7f6474d02000-7f6474d03000 rw-p 0000d000 ca:01 965965                     /usr/lib/jvm/java-7-openjdk-amd64/jre/lib/amd64/jli/libjli.so
7f6474d03000-7f6474d26000 r-xp 00000000 ca:01 398558                     /lib/x86_64-linux-gnu/ld-2.19.so
7f6474d45000-7f6474d4f000 rw-p 00000000 00:00 0 
7f6474d4f000-7f6474e05000 rw-p 00000000 00:00 0 
7f6474e05000-7f6474e08000 ---p 00000000 00:00 0 
7f6474e08000-7f6474f0b000 rw-p 00000000 00:00 0                          [stack:4407]
7f6474f17000-7f6474f19000 rw-p 00000000 00:00 0 
7f6474f19000-7f6474f21000 rw-s 00000000 ca:01 555452                     /tmp/hsperfdata_ubuntu/4384
7f6474f21000-7f6474f22000 rw-p 00000000 00:00 0 
7f6474f22000-7f6474f23000 r--p 00000000 00:00 0 
7f6474f23000-7f6474f25000 rw-p 00000000 00:00 0 
7f6474f25000-7f6474f26000 r--p 00022000 ca:01 398558                     /lib/x86_64-linux-gnu/ld-2.19.so
7f6474f26000-7f6474f27000 rw-p 00023000 ca:01 398558                     /lib/x86_64-linux-gnu/ld-2.19.so
7f6474f27000-7f6474f28000 rw-p 00000000 00:00 0 
7fff3adcb000-7fff3adec000 rw-p 00000000 00:00 0                          [stack]
7fff3adfe000-7fff3ae00000 r-xp 00000000 00:00 0                          [vdso]
ffffffffff600000-ffffffffff601000 r-xp 00000000 00:00 0                  [vsyscall]

VM Arguments:
jvm_args: -Dfile.encoding=UTF-8 
java_command: voicePlusPlus.voicePlusPlus_sphinx4.App
Launcher Type: SUN_STANDARD

Environment Variables:
PATH=/usr/local/sbin:/usr/local/bin:/usr/sbin:/usr/bin:/sbin:/bin:/usr/games:/usr/local/games
SHELL=/bin/bash
DISPLAY=:1.0

Signal Handlers:
SIGSEGV: [libjvm.so+0x94b4b0], sa_mask[0]=0x7ffbfeff, sa_flags=0x10000004
SIGBUS: [libjvm.so+0x94b4b0], sa_mask[0]=0x7ffbfeff, sa_flags=0x10000004
SIGFPE: [libjvm.so+0x7c3390], sa_mask[0]=0x7ffbfeff, sa_flags=0x10000004
SIGPIPE: [libjvm.so+0x7c3390], sa_mask[0]=0x7ffbfeff, sa_flags=0x10000004
SIGXFSZ: [libjvm.so+0x7c3390], sa_mask[0]=0x7ffbfeff, sa_flags=0x10000004
SIGILL: [libjvm.so+0x7c3390], sa_mask[0]=0x7ffbfeff, sa_flags=0x10000004
SIGUSR1: SIG_DFL, sa_mask[0]=0x00000000, sa_flags=0x00000000
SIGUSR2: [libjvm.so+0x7c3230], sa_mask[0]=0x00000004, sa_flags=0x10000004
SIGHUP: SIG_DFL, sa_mask[0]=0x00000000, sa_flags=0x00000000
SIGINT: SIG_DFL, sa_mask[0]=0x00000000, sa_flags=0x00000000
SIGTERM: SIG_DFL, sa_mask[0]=0x00000000, sa_flags=0x00000000
SIGQUIT: SIG_DFL, sa_mask[0]=0x00000000, sa_flags=0x00000000
SIGTRAP: SIG_DFL, sa_mask[0]=0x00000000, sa_flags=0x00000000


---------------  S Y S T E M  ---------------

OS:Ubuntu 14.04 (trusty)
uname:Linux 3.13.0-44-generic #73-Ubuntu SMP Tue Dec 16 00:22:43 UTC 2014 x86_64
libc:glibc 2.19 NPTL 2.19 
rlimit: STACK 8192k, CORE 0k, NPROC 15893, NOFILE 4096, AS infinity
load average:34.89 24.22 10.98

/proc/meminfo:
MemTotal:        2048484 kB
MemFree:           61244 kB
Buffers:              56 kB
Cached:            22552 kB
SwapCached:            0 kB
Active:          1844856 kB
Inactive:          20956 kB
Active(anon):    1843968 kB
Inactive(anon):    20036 kB
Active(file):        888 kB
Inactive(file):      920 kB
Unevictable:           0 kB
Mlocked:               0 kB
SwapTotal:             0 kB
SwapFree:              0 kB
Dirty:                64 kB
Writeback:             0 kB
AnonPages:       1843256 kB
Mapped:            20780 kB
Shmem:             20748 kB
Slab:              50200 kB
SReclaimable:      20280 kB
SUnreclaim:        29920 kB
KernelStack:        8328 kB
PageTables:        36288 kB
NFS_Unstable:          0 kB
Bounce:                0 kB
WritebackTmp:          0 kB
CommitLimit:     1024240 kB
Committed_AS:    5297544 kB
VmallocTotal:   34359738367 kB
VmallocUsed:        5836 kB
VmallocChunk:   34359725511 kB
HardwareCorrupted:     0 kB
AnonHugePages:    184320 kB
HugePages_Total:       0
HugePages_Free:        0
HugePages_Rsvd:        0
HugePages_Surp:        0
Hugepagesize:       2048 kB
DirectMap4k:       57344 kB
DirectMap2M:     2170880 kB


CPU:total 1 (1 cores per cpu, 1 threads per core) family 6 model 62 stepping 4, cmov, cx8, fxsr, mmx, sse, sse2, sse3, ssse3, sse4.1, sse4.2, popcnt, avx, aes, erms, tsc

/proc/cpuinfo:
processor	: 0
vendor_id	: GenuineIntel
cpu family	: 6
model		: 62
model name	: Intel(R) Xeon(R) CPU E5-2670 v2 @ 2.50GHz
stepping	: 4
microcode	: 0x415
cpu MHz		: 2494.046
cache size	: 25600 KB
physical id	: 0
siblings	: 1
core id		: 0
cpu cores	: 1
apicid		: 0
initial apicid	: 0
fpu		: yes
fpu_exception	: yes
cpuid level	: 13
wp		: yes
flags		: fpu vme de pse tsc msr pae mce cx8 apic sep mtrr pge mca cmov pat pse36 clflush mmx fxsr sse sse2 ht syscall nx rdtscp lm constant_tsc rep_good nopl xtopology eagerfpu pni pclmulqdq ssse3 cx16 pcid sse4_1 sse4_2 x2apic popcnt tsc_deadline_timer aes xsave avx f16c rdrand hypervisor lahf_lm xsaveopt fsgsbase smep erms
bogomips	: 4988.09
clflush size	: 64
cache_alignment	: 64
address sizes	: 46 bits physical, 48 bits virtual
power management:



Memory: 4k page, physical 2048484k(61864k free), swap 0k(0k free)

vm_info: OpenJDK 64-Bit Server VM (24.75-b04) for linux-amd64 JRE (1.7.0_75-b13), built on Jan 27 2015 00:38:59 by "buildd" with gcc 4.8.2

time: Wed May 13 22:03:51 2015
elapsed time: 11 seconds

